<?xml version="1.0" encoding="UTF-8"?>
<!-- Generated by org.testng.reporters.JUnitReportReporter -->
<testsuite skipped="0" hostname="VBTSCPTESTING02" name="com.livehcm.testscripts.HomePageTest" tests="3" failures="0" timestamp="30 Aug 2018 04:58:36 GMT" time="37.331" errors="0">
  <testcase name="ValidateHomePageTitle" time="12.483" classname="com.livehcm.testscripts.HomePageTest"/>
  <testcase name="ValidateHomePageURL" time="12.367" classname="com.livehcm.testscripts.HomePageTest"/>
  <testcase name="ValidateHomePageHCMLogo" time="12.481" classname="com.livehcm.testscripts.HomePageTest"/>
</testsuite> <!-- com.livehcm.testscripts.HomePageTest -->
