<?xml version="1.0" encoding="UTF-8"?>
<!-- Generated by org.testng.reporters.JUnitReportReporter -->
<testsuite skipped="0" hostname="VBTSCPTESTING02" name="com.livehcm.testscripts.LoginPageTest" tests="3" failures="0" timestamp="30 Aug 2018 04:58:36 GMT" time="25.402" errors="0">
  <testcase name="ValidateLoginPageTitle" time="10.459" classname="com.livehcm.testscripts.LoginPageTest"/>
  <testcase name="ValidateLoginPageURL" time="7.458" classname="com.livehcm.testscripts.LoginPageTest"/>
  <testcase name="ValidateLoginPagePhoneLogo" time="7.485" classname="com.livehcm.testscripts.LoginPageTest"/>
</testsuite> <!-- com.livehcm.testscripts.LoginPageTest -->
